[ 2016-02-23T15:12:22+08:00 ] ::1 /xx2/index.php/Admin/Index/login
INFO: [ app_init ] --START--
INFO: Run Behavior\BuildLiteBehavior [ RunTime:0.000000s ]
INFO: [ app_init ] --END-- [ RunTime:0.030001s ]
INFO: [ app_begin ] --START--
INFO: Run Behavior\ReadHtmlCacheBehavior [ RunTime:0.015000s ]
INFO: [ app_begin ] --END-- [ RunTime:0.015000s ]
INFO: [ view_parse ] --START--
INFO: [ template_filter ] --START--
INFO: Run Behavior\ContentReplaceBehavior [ RunTime:0.030000s ]
INFO: [ template_filter ] --END-- [ RunTime:0.030000s ]
INFO: Run Behavior\ParseTemplateBehavior [ RunTime:0.110002s ]
INFO: [ view_parse ] --END-- [ RunTime:0.110002s ]
INFO: [ view_filter ] --START--
INFO: Run Behavior\WriteHtmlCacheBehavior [ RunTime:0.010000s ]
INFO: [ view_filter ] --END-- [ RunTime:0.010000s ]
INFO: [ app_end ] --START--
INFO: Run Behavior\ShowPageTraceBehavior [ RunTime:0.007500s ]
INFO: [ app_end ] --END-- [ RunTime:0.007500s ]

[ 2016-02-23T15:12:23+08:00 ] ::1 /xx2/index.php/Admin/Common/yanzhengma.html
INFO: [ app_init ] --START--
INFO: Run Behavior\BuildLiteBehavior [ RunTime:0.000000s ]
INFO: [ app_init ] --END-- [ RunTime:0.000000s ]
INFO: [ app_begin ] --START--
INFO: Run Behavior\ReadHtmlCacheBehavior [ RunTime:0.000000s ]
INFO: [ app_begin ] --END-- [ RunTime:0.002500s ]
INFO: [ app_end ] --START--
INFO: Run Behavior\ShowPageTraceBehavior [ RunTime:0.000000s ]
INFO: [ app_end ] --END-- [ RunTime:0.000000s ]

[ 2016-02-23T15:12:48+08:00 ] ::1 /xx2/index.php/Admin/Index/login
INFO: [ app_init ] --START--
INFO: Run Behavior\BuildLiteBehavior [ RunTime:0.002500s ]
INFO: [ app_init ] --END-- [ RunTime:0.002500s ]
INFO: [ app_begin ] --START--
INFO: Run Behavior\ReadHtmlCacheBehavior [ RunTime:0.000000s ]
INFO: [ app_begin ] --END-- [ RunTime:0.000000s ]
INFO: [ view_parse ] --START--
INFO: [ template_filter ] --START--
INFO: Run Behavior\ContentReplaceBehavior [ RunTime:0.000000s ]
INFO: [ template_filter ] --END-- [ RunTime:0.000000s ]
INFO: Run Behavior\ParseTemplateBehavior [ RunTime:0.017501s ]
INFO: [ view_parse ] --END-- [ RunTime:0.017501s ]
INFO: [ view_filter ] --START--
INFO: Run Behavior\WriteHtmlCacheBehavior [ RunTime:0.000000s ]
INFO: [ view_filter ] --END-- [ RunTime:0.000000s ]
INFO: [ app_end ] --START--
INFO: Run Behavior\ShowPageTraceBehavior [ RunTime:0.002500s ]
INFO: [ app_end ] --END-- [ RunTime:0.002500s ]

[ 2016-02-23T15:12:50+08:00 ] ::1 /xx2/index.php/Admin/Common/yanzhengma.html
INFO: [ app_init ] --START--
INFO: Run Behavior\BuildLiteBehavior [ RunTime:0.000000s ]
INFO: [ app_init ] --END-- [ RunTime:0.000000s ]
INFO: [ app_begin ] --START--
INFO: Run Behavior\ReadHtmlCacheBehavior [ RunTime:0.000000s ]
INFO: [ app_begin ] --END-- [ RunTime:0.000000s ]
INFO: [ app_end ] --START--
INFO: Run Behavior\ShowPageTraceBehavior [ RunTime:0.000000s ]
INFO: [ app_end ] --END-- [ RunTime:0.002500s ]

[ 2016-02-23T15:12:57+08:00 ] ::1 /xx2/index.php/Admin/Index/login
INFO: [ app_init ] --START--
INFO: Run Behavior\BuildLiteBehavior [ RunTime:0.000000s ]
INFO: [ app_init ] --END-- [ RunTime:0.002500s ]
INFO: [ app_begin ] --START--
INFO: Run Behavior\ReadHtmlCacheBehavior [ RunTime:0.000000s ]
INFO: [ app_begin ] --END-- [ RunTime:0.000000s ]
SQL: SHOW COLUMNS FROM `xx2_admin` [ RunTime:0.0300s ]
SQL: SELECT * FROM `xx2_admin` WHERE ( `username` = 'sky' and `password` = '202cb962ac59075b964b07152d234b70'  ) LIMIT 1   [ RunTime:0.0000s ]
SQL: SELECT * FROM `xx2_admin` WHERE ( `username` = 'sky' ) LIMIT 1   [ RunTime:0.0025s ]
SQL: UPDATE `xx2_admin` SET `false_num`='0' WHERE ( id = 1 ) [ RunTime:0.0050s ]

[ 2016-02-23T15:12:57+08:00 ] ::1 /xx2/index.php/Admin/News/index.html
INFO: [ app_init ] --START--
INFO: Run Behavior\BuildLiteBehavior [ RunTime:0.000000s ]
INFO: [ app_init ] --END-- [ RunTime:0.000000s ]
INFO: [ app_begin ] --START--
INFO: Run Behavior\ReadHtmlCacheBehavior [ RunTime:0.002500s ]
INFO: [ app_begin ] --END-- [ RunTime:0.005000s ]
SQL: SHOW COLUMNS FROM `xx2_news` [ RunTime:0.0450s ]
SQL: SELECT COUNT(*) AS tp_count FROM `xx2_news` LIMIT 1   [ RunTime:0.0025s ]
SQL: SELECT * FROM `xx2_news` ORDER BY id desc LIMIT 0,8   [ RunTime:0.0000s ]
INFO: [ view_parse ] --START--
INFO: [ template_filter ] --START--
INFO: Run Behavior\ContentReplaceBehavior [ RunTime:0.000000s ]
INFO: [ template_filter ] --END-- [ RunTime:0.002500s ]
INFO: Run Behavior\ParseTemplateBehavior [ RunTime:0.047501s ]
INFO: [ view_parse ] --END-- [ RunTime:0.047501s ]
INFO: [ view_filter ] --START--
INFO: Run Behavior\WriteHtmlCacheBehavior [ RunTime:0.002500s ]
INFO: [ view_filter ] --END-- [ RunTime:0.002500s ]
INFO: [ view_parse ] --START--
INFO: [ template_filter ] --START--
INFO: Run Behavior\ContentReplaceBehavior [ RunTime:0.000000s ]
INFO: [ template_filter ] --END-- [ RunTime:-0.067501s ]
NOTIC: [2] date() expects parameter 2 to be long, string given F:\php\wamp\www\xx2\Application\Runtime\Cache\Admin\36087655c6ab8580337cdc45b35a926d.php 第 28 行.
NOTIC: [2] date() expects parameter 2 to be long, string given F:\php\wamp\www\xx2\Application\Runtime\Cache\Admin\36087655c6ab8580337cdc45b35a926d.php 第 28 行.
INFO: Run Behavior\ParseTemplateBehavior [ RunTime:0.060001s ]
INFO: [ view_parse ] --END-- [ RunTime:-0.012500s ]
INFO: [ view_filter ] --START--
INFO: Run Behavior\WriteHtmlCacheBehavior [ RunTime:0.000000s ]
INFO: [ view_filter ] --END-- [ RunTime:-0.070001s ]
INFO: [ view_parse ] --START--
INFO: [ template_filter ] --START--
INFO: Run Behavior\ContentReplaceBehavior [ RunTime:0.000000s ]
INFO: [ template_filter ] --END-- [ RunTime:-0.095001s ]
INFO: Run Behavior\ParseTemplateBehavior [ RunTime:0.017500s ]
INFO: [ view_parse ] --END-- [ RunTime:-0.077501s ]
INFO: [ view_filter ] --START--
INFO: Run Behavior\WriteHtmlCacheBehavior [ RunTime:0.000000s ]
INFO: [ view_filter ] --END-- [ RunTime:-0.092501s ]
NOTIC: [2] Cannot modify header information - headers already sent by (output started at F:\php\wamp\www\xx2\ThinkPHP\Library\Think\View.class.php:95) F:\php\wamp\www\xx2\ThinkPHP\Library\Think\View.class.php 第 91 行.
NOTIC: [2] Cannot modify header information - headers already sent by (output started at F:\php\wamp\www\xx2\ThinkPHP\Library\Think\View.class.php:95) F:\php\wamp\www\xx2\ThinkPHP\Library\Think\View.class.php 第 92 行.
NOTIC: [2] Cannot modify header information - headers already sent by (output started at F:\php\wamp\www\xx2\ThinkPHP\Library\Think\View.class.php:95) F:\php\wamp\www\xx2\ThinkPHP\Library\Think\View.class.php 第 93 行.
INFO: [ app_end ] --START--
INFO: Run Behavior\ShowPageTraceBehavior [ RunTime:0.002500s ]
INFO: [ app_end ] --END-- [ RunTime:0.005000s ]

[ 2016-02-23T15:13:19+08:00 ] ::1 /xx2/index.php/Admin/News/select_Admin
INFO: [ app_init ] --START--
INFO: Run Behavior\BuildLiteBehavior [ RunTime:0.000000s ]
INFO: [ app_init ] --END-- [ RunTime:0.000000s ]
INFO: [ app_begin ] --START--
INFO: Run Behavior\ReadHtmlCacheBehavior [ RunTime:0.002500s ]
INFO: [ app_begin ] --END-- [ RunTime:0.002500s ]
SQL: SHOW COLUMNS FROM `xx2_news` [ RunTime:0.0050s ]
SQL: SELECT COUNT(*) AS tp_count FROM `xx2_news` WHERE ( `content` like '%2%' or `title` like '%2%' ) LIMIT 1   [ RunTime:0.0000s ]
SQL: SELECT * FROM `xx2_news` WHERE ( `content` like '%2%' or `title` like '%2%' ) ORDER BY id desc LIMIT 0,8   [ RunTime:0.0000s ]
INFO: [ view_parse ] --START--
INFO: [ template_filter ] --START--
INFO: Run Behavior\ContentReplaceBehavior [ RunTime:0.000000s ]
INFO: [ template_filter ] --END-- [ RunTime:0.000000s ]
INFO: Run Behavior\ParseTemplateBehavior [ RunTime:0.015001s ]
INFO: [ view_parse ] --END-- [ RunTime:0.015001s ]
INFO: [ view_filter ] --START--
INFO: Run Behavior\WriteHtmlCacheBehavior [ RunTime:0.000000s ]
INFO: [ view_filter ] --END-- [ RunTime:0.000000s ]
INFO: [ view_parse ] --START--
INFO: [ template_filter ] --START--
INFO: Run Behavior\ContentReplaceBehavior [ RunTime:0.002500s ]
INFO: [ template_filter ] --END-- [ RunTime:-0.150002s ]
NOTIC: [8] Undefined variable: page F:\php\wamp\www\xx2\Application\Runtime\Cache\Admin\a8a0b3daa1c89930ede1a1f0338cef17.php 第 41 行.
INFO: Run Behavior\ParseTemplateBehavior [ RunTime:0.035000s ]
INFO: [ view_parse ] --END-- [ RunTime:-0.122502s ]
INFO: [ view_filter ] --START--
INFO: Run Behavior\WriteHtmlCacheBehavior [ RunTime:0.000000s ]
INFO: [ view_filter ] --END-- [ RunTime:-0.157502s ]
INFO: [ view_parse ] --START--
INFO: [ template_filter ] --START--
INFO: Run Behavior\ContentReplaceBehavior [ RunTime:0.000000s ]
INFO: [ template_filter ] --END-- [ RunTime:-0.172502s ]
INFO: Run Behavior\ParseTemplateBehavior [ RunTime:0.012500s ]
INFO: [ view_parse ] --END-- [ RunTime:-0.160002s ]
INFO: [ view_filter ] --START--
INFO: Run Behavior\WriteHtmlCacheBehavior [ RunTime:0.000000s ]
INFO: [ view_filter ] --END-- [ RunTime:-0.172502s ]
NOTIC: [2] Cannot modify header information - headers already sent by (output started at F:\php\wamp\www\xx2\ThinkPHP\Library\Think\View.class.php:95) F:\php\wamp\www\xx2\ThinkPHP\Library\Think\View.class.php 第 91 行.
NOTIC: [2] Cannot modify header information - headers already sent by (output started at F:\php\wamp\www\xx2\ThinkPHP\Library\Think\View.class.php:95) F:\php\wamp\www\xx2\ThinkPHP\Library\Think\View.class.php 第 92 行.
NOTIC: [2] Cannot modify header information - headers already sent by (output started at F:\php\wamp\www\xx2\ThinkPHP\Library\Think\View.class.php:95) F:\php\wamp\www\xx2\ThinkPHP\Library\Think\View.class.php 第 93 行.
INFO: [ app_end ] --START--
INFO: Run Behavior\ShowPageTraceBehavior [ RunTime:0.002500s ]
INFO: [ app_end ] --END-- [ RunTime:0.007501s ]

[ 2016-02-23T15:16:26+08:00 ] ::1 /xx2/index.php/Admin/News/update/id/78
INFO: [ app_init ] --START--
INFO: Run Behavior\BuildLiteBehavior [ RunTime:0.000000s ]
INFO: [ app_init ] --END-- [ RunTime:0.002500s ]
INFO: [ app_begin ] --START--
INFO: Run Behavior\ReadHtmlCacheBehavior [ RunTime:0.002500s ]
INFO: [ app_begin ] --END-- [ RunTime:0.002500s ]
SQL: SHOW COLUMNS FROM `xx2_news` [ RunTime:0.0050s ]
SQL: SELECT * FROM `xx2_news` WHERE ( id = 78 ) LIMIT 1   [ RunTime:0.0000s ]
INFO: [ view_parse ] --START--
INFO: [ template_filter ] --START--
INFO: Run Behavior\ContentReplaceBehavior [ RunTime:0.000000s ]
INFO: [ template_filter ] --END-- [ RunTime:0.000000s ]
INFO: Run Behavior\ParseTemplateBehavior [ RunTime:0.020000s ]
INFO: [ view_parse ] --END-- [ RunTime:0.020000s ]
INFO: [ view_filter ] --START--
INFO: Run Behavior\WriteHtmlCacheBehavior [ RunTime:0.000000s ]
INFO: [ view_filter ] --END-- [ RunTime:0.000000s ]
INFO: [ view_parse ] --START--
INFO: [ template_filter ] --START--
INFO: Run Behavior\ContentReplaceBehavior [ RunTime:0.000000s ]
INFO: [ template_filter ] --END-- [ RunTime:-0.102502s ]
INFO: Run Behavior\ParseTemplateBehavior [ RunTime:0.065001s ]
INFO: [ view_parse ] --END-- [ RunTime:-0.040001s ]
INFO: [ view_filter ] --START--
INFO: Run Behavior\WriteHtmlCacheBehavior [ RunTime:0.000000s ]
INFO: [ view_filter ] --END-- [ RunTime:-0.102502s ]
INFO: [ view_parse ] --START--
INFO: [ template_filter ] --START--
INFO: Run Behavior\ContentReplaceBehavior [ RunTime:0.000000s ]
INFO: [ template_filter ] --END-- [ RunTime:-0.115002s ]
INFO: Run Behavior\ParseTemplateBehavior [ RunTime:0.010000s ]
INFO: [ view_parse ] --END-- [ RunTime:-0.107502s ]
INFO: [ view_filter ] --START--
INFO: Run Behavior\WriteHtmlCacheBehavior [ RunTime:0.000000s ]
INFO: [ view_filter ] --END-- [ RunTime:-0.115002s ]
NOTIC: [2] Cannot modify header information - headers already sent by (output started at F:\php\wamp\www\xx2\ThinkPHP\Library\Think\View.class.php:95) F:\php\wamp\www\xx2\ThinkPHP\Library\Think\View.class.php 第 91 行.
NOTIC: [2] Cannot modify header information - headers already sent by (output started at F:\php\wamp\www\xx2\ThinkPHP\Library\Think\View.class.php:95) F:\php\wamp\www\xx2\ThinkPHP\Library\Think\View.class.php 第 92 行.
NOTIC: [2] Cannot modify header information - headers already sent by (output started at F:\php\wamp\www\xx2\ThinkPHP\Library\Think\View.class.php:95) F:\php\wamp\www\xx2\ThinkPHP\Library\Think\View.class.php 第 93 行.
INFO: [ app_end ] --START--
INFO: Run Behavior\ShowPageTraceBehavior [ RunTime:0.002500s ]
INFO: [ app_end ] --END-- [ RunTime:0.002500s ]

